<?xml version="1.0" encoding="UTF-8"?>
<testsuite name="test" tests="1" skipped="0" failures="0" errors="0" timestamp="2021-06-17T13:18:08" hostname="ItisCalebs-Big-Mac.local" time="0.0">
  <properties/>
  <testcase name="Case1" classname="test" time="0.0"/>
  <system-out><![CDATA[]]></system-out>
  <system-err><![CDATA[]]></system-err>
</testsuite>
